<?xml version="1.0" encoding="UTF-8"?>
<testsuite xmlns:xsi="http://www.w3.org/2001/XMLSchema-instance" xsi:noNamespaceSchemaLocation="https://maven.apache.org/surefire/maven-surefire-plugin/xsd/surefire-test-report-3.0.xsd" version="3.0" name="com.cs673olsum24.promanager.ProManagerApplicationTests" time="4.667" tests="1" errors="0" skipped="0" failures="0">
  <properties>
[...]
</properties>
  <testcase name="contextLoads" classname="com.cs673olsum24.promanager.ProManagerApplicationTests" time="0.01">
    <system-out><![CDATA[&amp#27;[2m2024-06-18T23:55:31.942+05:30&amp#27;[0;39m &amp#27;[32m INFO&amp#27;[0;39m &amp#27;[35m20948&amp#27;[0;39m &amp#27;[2m---&amp#27;[0;39m &amp#27;[2m[pro-manager] [           main]&amp#27;[0;39m &amp#27;[2m&amp#27;[0;39m&amp#27;[36mt.c.s.AnnotationConfigContextLoaderUtils&amp#27;[0;39m &amp#27;[2m:&amp#27;[0;39m Could not detect default configuration classes for test class [com.cs673olsum24.promanager.ProManagerApplicationTests]: ProManagerApplicationTests does not declare any static, non-private, non-final, nested classes annotated with @Configuration.
&amp#27;[2m2024-06-18T23:55:31.975+05:30&amp#27;[0;39m &amp#27;[32m INFO&amp#27;[0;39m &amp#27;[35m20948&amp#27;[0;39m &amp#27;[2m---&amp#27;[0;39m &amp#27;[2m[pro-manager] [           main]&amp#27;[0;39m &amp#27;[2m&amp#27;[0;39m&amp#27;[36m.b.t.c.SpringBootTestContextBootstrapper&amp#27;[0;39m &amp#27;[2m:&amp#27;[0;39m Found @SpringBootConfiguration com.cs673olsum24.promanager.ProManagerApplication for test class com.cs673olsum24.promanager.ProManagerApplicationTests

  .   ____          _            __ _ _
 /\\ / ___'_ __ _ _(_)_ __  __ _ \ \ \ \
( ( )\___ | '_ | '_| | '_ \/ _` | \ \ \ \
 \\/  ___)| |_)| | | | | || (_| |  ) ) ) )
  '  |____| .__|_| |_|_| |_\__, | / / / /
 =========|_|==============|___/=/_/_/_/
&amp#27;[32m :: Spring Boot :: &amp#27;[39m              &amp#27;[2m (v3.2.5)&amp#27;[0;39m

&amp#27;[2m2024-06-18T23:55:32.069+05:30&amp#27;[0;39m &amp#27;[32m INFO&amp#27;[0;39m &amp#27;[35m20948&amp#27;[0;39m &amp#27;[2m---&amp#27;[0;39m &amp#27;[2m[pro-manager] [           main]&amp#27;[0;39m &amp#27;[2m&amp#27;[0;39m&amp#27;[36mc.c.p.ProManagerApplicationTests        &amp#27;[0;39m &amp#27;[2m:&amp#27;[0;39m Starting ProManagerApplicationTests using Java 22.0.1 with PID 20948 (started by pranjal in /Users/pranjal/Documents/Summer 2024/project-microserviceteamtwo/code/pro-manager)
&amp#27;[2m2024-06-18T23:55:32.070+05:30&amp#27;[0;39m &amp#27;[32m INFO&amp#27;[0;39m &amp#27;[35m20948&amp#27;[0;39m &amp#27;[2m---&amp#27;[0;39m &amp#27;[2m[pro-manager] [           main]&amp#27;[0;39m &amp#27;[2m&amp#27;[0;39m&amp#27;[36mc.c.p.ProManagerApplicationTests        &amp#27;[0;39m &amp#27;[2m:&amp#27;[0;39m No active profile set, falling back to 1 default profile: "default"
&amp#27;[2m2024-06-18T23:55:32.431+05:30&amp#27;[0;39m &amp#27;[32m INFO&amp#27;[0;39m &amp#27;[35m20948&amp#27;[0;39m &amp#27;[2m---&amp#27;[0;39m &amp#27;[2m[pro-manager] [           main]&amp#27;[0;39m &amp#27;[2m&amp#27;[0;39m&amp#27;[36m.s.d.r.c.RepositoryConfigurationDelegate&amp#27;[0;39m &amp#27;[2m:&amp#27;[0;39m Bootstrapping Spring Data JPA repositories in DEFAULT mode.
&amp#27;[2m2024-06-18T23:55:32.442+05:30&amp#27;[0;39m &amp#27;[32m INFO&amp#27;[0;39m &amp#27;[35m20948&amp#27;[0;39m &amp#27;[2m---&amp#27;[0;39m &amp#27;[2m[pro-manager] [           main]&amp#27;[0;39m &amp#27;[2m&amp#27;[0;39m&amp#27;[36m.s.d.r.c.RepositoryConfigurationDelegate&amp#27;[0;39m &amp#27;[2m:&amp#27;[0;39m Finished Spring Data repository scanning in 10 ms. Found 0 JPA repository interfaces.
&amp#27;[2m2024-06-18T23:55:32.583+05:30&amp#27;[0;39m &amp#27;[32m INFO&amp#27;[0;39m &amp#27;[35m20948&amp#27;[0;39m &amp#27;[2m---&amp#27;[0;39m &amp#27;[2m[pro-manager] [           main]&amp#27;[0;39m &amp#27;[2m&amp#27;[0;39m&amp#27;[36mcom.zaxxer.hikari.HikariDataSource      &amp#27;[0;39m &amp#27;[2m:&amp#27;[0;39m HikariPool-2 - Starting...
&amp#27;[2m2024-06-18T23:55:35.800+05:30&amp#27;[0;39m &amp#27;[32m INFO&amp#27;[0;39m &amp#27;[35m20948&amp#27;[0;39m &amp#27;[2m---&amp#27;[0;39m &amp#27;[2m[pro-manager] [           main]&amp#27;[0;39m &amp#27;[2m&amp#27;[0;39m&amp#27;[36mcom.zaxxer.hikari.pool.HikariPool       &amp#27;[0;39m &amp#27;[2m:&amp#27;[0;39m HikariPool-2 - Added connection org.postgresql.jdbc.PgConnection@38d425f
&amp#27;[2m2024-06-18T23:55:35.801+05:30&amp#27;[0;39m &amp#27;[32m INFO&amp#27;[0;39m &amp#27;[35m20948&amp#27;[0;39m &amp#27;[2m---&amp#27;[0;39m &amp#27;[2m[pro-manager] [           main]&amp#27;[0;39m &amp#27;[2m&amp#27;[0;39m&amp#27;[36mcom.zaxxer.hikari.HikariDataSource      &amp#27;[0;39m &amp#27;[2m:&amp#27;[0;39m HikariPool-2 - Start completed.
&amp#27;[2m2024-06-18T23:55:35.886+05:30&amp#27;[0;39m &amp#27;[32m INFO&amp#27;[0;39m &amp#27;[35m20948&amp#27;[0;39m &amp#27;[2m---&amp#27;[0;39m &amp#27;[2m[pro-manager] [           main]&amp#27;[0;39m &amp#27;[2m&amp#27;[0;39m&amp#27;[36mo.hibernate.jpa.internal.util.LogHelper &amp#27;[0;39m &amp#27;[2m:&amp#27;[0;39m HHH000204: Processing PersistenceUnitInfo [name: default]
&amp#27;[2m2024-06-18T23:55:35.894+05:30&amp#27;[0;39m &amp#27;[32m INFO&amp#27;[0;39m &amp#27;[35m20948&amp#27;[0;39m &amp#27;[2m---&amp#27;[0;39m &amp#27;[2m[pro-manager] [           main]&amp#27;[0;39m &amp#27;[2m&amp#27;[0;39m&amp#27;[36mo.h.c.internal.RegionFactoryInitiator   &amp#27;[0;39m &amp#27;[2m:&amp#27;[0;39m HHH000026: Second-level cache disabled
&amp#27;[2m2024-06-18T23:55:35.902+05:30&amp#27;[0;39m &amp#27;[32m INFO&amp#27;[0;39m &amp#27;[35m20948&amp#27;[0;39m &amp#27;[2m---&amp#27;[0;39m &amp#27;[2m[pro-manager] [           main]&amp#27;[0;39m &amp#27;[2m&amp#27;[0;39m&amp#27;[36mo.s.o.j.p.SpringPersistenceUnitInfo     &amp#27;[0;39m &amp#27;[2m:&amp#27;[0;39m No LoadTimeWeaver setup: ignoring JPA class transformer
&amp#27;[2m2024-06-18T23:55:35.904+05:30&amp#27;[0;39m &amp#27;[33m WARN&amp#27;[0;39m &amp#27;[35m20948&amp#27;[0;39m &amp#27;[2m---&amp#27;[0;39m &amp#27;[2m[pro-manager] [           main]&amp#27;[0;39m &amp#27;[2m&amp#27;[0;39m&amp#27;[36morg.hibernate.orm.deprecation           &amp#27;[0;39m &amp#27;[2m:&amp#27;[0;39m HHH90000025: PostgreSQLDialect does not need to be specified explicitly using 'hibernate.dialect' (remove the property setting and it will be selected by default)
&amp#27;[2m2024-06-18T23:55:36.167+05:30&amp#27;[0;39m &amp#27;[32m INFO&amp#27;[0;39m &amp#27;[35m20948&amp#27;[0;39m &amp#27;[2m---&amp#27;[0;39m &amp#27;[2m[pro-manager] [           main]&amp#27;[0;39m &amp#27;[2m&amp#27;[0;39m&amp#27;[36mo.h.e.t.j.p.i.JtaPlatformInitiator      &amp#27;[0;39m &amp#27;[2m:&amp#27;[0;39m HHH000489: No JTA platform available (set 'hibernate.transaction.jta.platform' to enable JTA platform integration)
&amp#27;[2m2024-06-18T23:55:36.167+05:30&amp#27;[0;39m &amp#27;[32m INFO&amp#27;[0;39m &amp#27;[35m20948&amp#27;[0;39m &amp#27;[2m---&amp#27;[0;39m &amp#27;[2m[pro-manager] [           main]&amp#27;[0;39m &amp#27;[2m&amp#27;[0;39m&amp#27;[36mj.LocalContainerEntityManagerFactoryBean&amp#27;[0;39m &amp#27;[2m:&amp#27;[0;39m Initialized JPA EntityManagerFactory for persistence unit 'default'
&amp#27;[2m2024-06-18T23:55:36.295+05:30&amp#27;[0;39m &amp#27;[33m WARN&amp#27;[0;39m &amp#27;[35m20948&amp#27;[0;39m &amp#27;[2m---&amp#27;[0;39m &amp#27;[2m[pro-manager] [           main]&amp#27;[0;39m &amp#27;[2m&amp#27;[0;39m&amp#27;[36mJpaBaseConfiguration$JpaWebConfiguration&amp#27;[0;39m &amp#27;[2m:&amp#27;[0;39m spring.jpa.open-in-view is enabled by default. Therefore, database queries may be performed during view rendering. Explicitly configure spring.jpa.open-in-view to disable this warning
&amp#27;[2m2024-06-18T23:55:36.584+05:30&amp#27;[0;39m &amp#27;[32m INFO&amp#27;[0;39m &amp#27;[35m20948&amp#27;[0;39m &amp#27;[2m---&amp#27;[0;39m &amp#27;[2m[pro-manager] [           main]&amp#27;[0;39m &amp#27;[2m&amp#27;[0;39m&amp#27;[36mc.c.p.ProManagerApplicationTests        &amp#27;[0;39m &amp#27;[2m:&amp#27;[0;39m Started ProManagerApplicationTests in 4.601 seconds (process running for 19.075)
]]></system-out>
  </testcase>
</testsuite>